2018-06-26 20:41:19,144 ------------------------------------------------------------------------------------------
2018-06-26 20:41:19,144 
2018-06-26 20:41:19,144 
2018-06-26 20:41:19,144 Starting
2018-06-26 20:41:19,144 base_url: 
2018-06-26 20:41:19,145 base_dir: 
2018-06-26 20:54:04,433 ------------------------------------------------------------------------------------------
2018-06-26 20:54:04,433 
2018-06-26 20:54:04,433 
2018-06-26 20:54:04,434 Starting
2018-06-26 20:54:04,434 base_url: 
2018-06-26 20:54:04,434 base_dir: 
2018-06-26 20:54:18,281 ------------------------------------------------------------------------------------------
2018-06-26 20:54:18,281 
2018-06-26 20:54:18,281 
2018-06-26 20:54:18,281 Starting
2018-06-26 20:54:18,281 base_url: 
2018-06-26 20:54:18,282 base_dir: 
2018-06-26 20:55:01,859 ------------------------------------------------------------------------------------------
2018-06-26 20:55:01,859 
2018-06-26 20:55:01,859 
2018-06-26 20:55:01,859 Starting
2018-06-26 20:55:01,859 base_url: 
2018-06-26 20:55:01,859 base_dir: 
2018-06-26 20:55:38,133 ------------------------------------------------------------------------------------------
2018-06-26 20:55:38,133 
2018-06-26 20:55:38,133 
2018-06-26 20:55:38,133 Starting
2018-06-26 20:55:38,133 base_url: 
2018-06-26 20:55:38,133 base_dir: 
2018-06-26 20:56:07,471 ------------------------------------------------------------------------------------------
2018-06-26 20:56:07,472 
2018-06-26 20:56:07,472 
2018-06-26 20:56:07,472 Starting
2018-06-26 20:56:07,472 base_url: 
2018-06-26 20:56:07,472 base_dir: 
